Classification report - predictions
              precision    recall  f1-score   support

           0     0.0010    0.0003    0.0004    115836
           1     0.1060    0.3959    0.1672    413148
           2     0.2271    0.3552    0.2771    344733
           3     0.7611    0.9985    0.8638   1662687
           4     0.0390    0.1279    0.0598      2588
           5     0.9961    0.5857    0.7377   1660098
           6     0.8632    0.2870    0.4307   1660098
           7     0.0249    0.0064    0.0101      2513
           8     0.0002    0.0032    0.0005      2514
           9     0.0000    0.0000    0.0000       222
          10     0.8456    0.9934    0.9136   1354660
          11     0.9887    0.3402    0.5062    553366
          12     0.5317    0.6455    0.5831   1352365
          13     0.0004    0.0111    0.0007      2514
          14     0.2725    0.2336    0.2516   1664857
          15     0.0000    0.0000    0.0000         3
          16     0.0000    0.0000    0.0000        12

    accuracy                         0.5737  10792214
   macro avg     0.3328    0.2932    0.2825  10792214
weighted avg     0.6801    0.5737    0.5806  10792214

Classification report - anomalies
              precision    recall  f1-score   support

      Normal     0.9893    0.8732    0.9276  10792214
     Anomaly     0.1179    0.6418    0.1991    284818

    accuracy                         0.8673  11077032
   macro avg     0.5536    0.7575    0.5634  11077032
weighted avg     0.9669    0.8673    0.9089  11077032
